Analysis & Synthesis report for processor
Mon Dec 06 17:43:23 2021
Quartus Prime Version 15.1.0 Build 185 10/21/2015 SJ Lite Edition


---------------------
; Table of Contents ;
---------------------
  1. Legal Notice
  2. Analysis & Synthesis Summary
  3. Analysis & Synthesis Settings
  4. Parallel Compilation
  5. Analysis & Synthesis Messages



----------------
; Legal Notice ;
----------------
Copyright (C) 1991-2015 Altera Corporation. All rights reserved.
Your use of Altera Corporation's design tools, logic functions 
and other software and tools, and its AMPP partner logic 
functions, and any output files from any of the foregoing 
(including device programming or simulation files), and any 
associated documentation or information are expressly subject 
to the terms and conditions of the Altera Program License 
Subscription Agreement, the Altera Quartus Prime License Agreement,
the Altera MegaCore Function License Agreement, or other 
applicable license agreement, including, without limitation, 
that your use is for the sole purpose of programming logic 
devices manufactured by Altera and sold by Altera or its 
authorized distributors.  Please refer to the applicable 
agreement for further details.



+---------------------------------------------------------------------------+
; Analysis & Synthesis Summary                                              ;
+-----------------------------+---------------------------------------------+
; Analysis & Synthesis Status ; Failed - Mon Dec 06 17:43:23 2021           ;
; Quartus Prime Version       ; 15.1.0 Build 185 10/21/2015 SJ Lite Edition ;
; Revision Name               ; processor                                   ;
; Top-level Entity Name       ; processor                                   ;
; Family                      ; Cyclone V                                   ;
; Logic utilization (in ALMs) ; N/A until Partition Merge                   ;
; Total registers             ; N/A until Partition Merge                   ;
; Total pins                  ; N/A until Partition Merge                   ;
; Total virtual pins          ; N/A until Partition Merge                   ;
; Total block memory bits     ; N/A until Partition Merge                   ;
; Total PLLs                  ; N/A until Partition Merge                   ;
; Total DLLs                  ; N/A until Partition Merge                   ;
+-----------------------------+---------------------------------------------+


+---------------------------------------------------------------------------------------------------------------------------+
; Analysis & Synthesis Settings                                                                                             ;
+---------------------------------------------------------------------------------+--------------------+--------------------+
; Option                                                                          ; Setting            ; Default Value      ;
+---------------------------------------------------------------------------------+--------------------+--------------------+
; Device                                                                          ; 5CEBA4F23C7        ;                    ;
; Top-level entity name                                                           ; processor          ; processor          ;
; Family name                                                                     ; Cyclone V          ; Cyclone V          ;
; Use smart compilation                                                           ; Off                ; Off                ;
; Enable parallel Assembler and TimeQuest Timing Analyzer during compilation      ; On                 ; On                 ;
; Enable compact report table                                                     ; Off                ; Off                ;
; Restructure Multiplexers                                                        ; Auto               ; Auto               ;
; MLAB Add Timing Constraints For Mixed-Port Feed-Through Mode Setting Don't Care ; Off                ; Off                ;
; Create Debugging Nodes for IP Cores                                             ; Off                ; Off                ;
; Preserve fewer node names                                                       ; On                 ; On                 ;
; Disable OpenCore Plus hardware evaluation                                       ; Off                ; Off                ;
; Verilog Version                                                                 ; Verilog_2001       ; Verilog_2001       ;
; VHDL Version                                                                    ; VHDL_1993          ; VHDL_1993          ;
; State Machine Processing                                                        ; Auto               ; Auto               ;
; Safe State Machine                                                              ; Off                ; Off                ;
; Extract Verilog State Machines                                                  ; On                 ; On                 ;
; Extract VHDL State Machines                                                     ; On                 ; On                 ;
; Ignore Verilog initial constructs                                               ; Off                ; Off                ;
; Iteration limit for constant Verilog loops                                      ; 5000               ; 5000               ;
; Iteration limit for non-constant Verilog loops                                  ; 250                ; 250                ;
; Add Pass-Through Logic to Inferred RAMs                                         ; On                 ; On                 ;
; Infer RAMs from Raw Logic                                                       ; On                 ; On                 ;
; Parallel Synthesis                                                              ; On                 ; On                 ;
; DSP Block Balancing                                                             ; Auto               ; Auto               ;
; NOT Gate Push-Back                                                              ; On                 ; On                 ;
; Power-Up Don't Care                                                             ; On                 ; On                 ;
; Remove Redundant Logic Cells                                                    ; Off                ; Off                ;
; Remove Duplicate Registers                                                      ; On                 ; On                 ;
; Ignore CARRY Buffers                                                            ; Off                ; Off                ;
; Ignore CASCADE Buffers                                                          ; Off                ; Off                ;
; Ignore GLOBAL Buffers                                                           ; Off                ; Off                ;
; Ignore ROW GLOBAL Buffers                                                       ; Off                ; Off                ;
; Ignore LCELL Buffers                                                            ; Off                ; Off                ;
; Ignore SOFT Buffers                                                             ; On                 ; On                 ;
; Limit AHDL Integers to 32 Bits                                                  ; Off                ; Off                ;
; Optimization Technique                                                          ; Balanced           ; Balanced           ;
; Carry Chain Length                                                              ; 70                 ; 70                 ;
; Auto Carry Chains                                                               ; On                 ; On                 ;
; Auto Open-Drain Pins                                                            ; On                 ; On                 ;
; Perform WYSIWYG Primitive Resynthesis                                           ; Off                ; Off                ;
; Auto ROM Replacement                                                            ; On                 ; On                 ;
; Auto RAM Replacement                                                            ; On                 ; On                 ;
; Auto DSP Block Replacement                                                      ; On                 ; On                 ;
; Auto Shift Register Replacement                                                 ; Auto               ; Auto               ;
; Allow Shift Register Merging across Hierarchies                                 ; Auto               ; Auto               ;
; Auto Clock Enable Replacement                                                   ; On                 ; On                 ;
; Strict RAM Replacement                                                          ; Off                ; Off                ;
; Allow Synchronous Control Signals                                               ; On                 ; On                 ;
; Force Use of Synchronous Clear Signals                                          ; Off                ; Off                ;
; Auto Resource Sharing                                                           ; Off                ; Off                ;
; Allow Any RAM Size For Recognition                                              ; Off                ; Off                ;
; Allow Any ROM Size For Recognition                                              ; Off                ; Off                ;
; Allow Any Shift Register Size For Recognition                                   ; Off                ; Off                ;
; Use LogicLock Constraints during Resource Balancing                             ; On                 ; On                 ;
; Ignore translate_off and synthesis_off directives                               ; Off                ; Off                ;
; Timing-Driven Synthesis                                                         ; On                 ; On                 ;
; Report Parameter Settings                                                       ; On                 ; On                 ;
; Report Source Assignments                                                       ; On                 ; On                 ;
; Report Connectivity Checks                                                      ; On                 ; On                 ;
; Ignore Maximum Fan-Out Assignments                                              ; Off                ; Off                ;
; Synchronization Register Chain Length                                           ; 3                  ; 3                  ;
; PowerPlay Power Optimization During Synthesis                                   ; Normal compilation ; Normal compilation ;
; HDL message level                                                               ; Level2             ; Level2             ;
; Suppress Register Optimization Related Messages                                 ; Off                ; Off                ;
; Number of Removed Registers Reported in Synthesis Report                        ; 5000               ; 5000               ;
; Number of Swept Nodes Reported in Synthesis Report                              ; 5000               ; 5000               ;
; Number of Inverted Registers Reported in Synthesis Report                       ; 100                ; 100                ;
; Clock MUX Protection                                                            ; On                 ; On                 ;
; Auto Gated Clock Conversion                                                     ; Off                ; Off                ;
; Block Design Naming                                                             ; Auto               ; Auto               ;
; SDC constraint protection                                                       ; Off                ; Off                ;
; Synthesis Effort                                                                ; Auto               ; Auto               ;
; Shift Register Replacement - Allow Asynchronous Clear Signal                    ; On                 ; On                 ;
; Pre-Mapping Resynthesis Optimization                                            ; Off                ; Off                ;
; Analysis & Synthesis Message Level                                              ; Medium             ; Medium             ;
; Disable Register Merging Across Hierarchies                                     ; Auto               ; Auto               ;
; Resource Aware Inference For Block RAM                                          ; On                 ; On                 ;
; Synthesis Seed                                                                  ; 1                  ; 1                  ;
; Automatic Parallel Synthesis                                                    ; On                 ; On                 ;
; Partial Reconfiguration Bitstream ID                                            ; Off                ; Off                ;
+---------------------------------------------------------------------------------+--------------------+--------------------+


+------------------------------------------+
; Parallel Compilation                     ;
+----------------------------+-------------+
; Processors                 ; Number      ;
+----------------------------+-------------+
; Number detected on machine ; 8           ;
; Maximum allowed            ; 4           ;
;                            ;             ;
; Average used               ; 1.00        ;
; Maximum used               ; 1           ;
;                            ;             ;
; Usage by Processor         ; % Time Used ;
;     Processor 1            ; 100.0%      ;
+----------------------------+-------------+


+-------------------------------+
; Analysis & Synthesis Messages ;
+-------------------------------+
Info: *******************************************************************
Info: Running Quartus Prime Analysis & Synthesis
    Info: Version 15.1.0 Build 185 10/21/2015 SJ Lite Edition
    Info: Processing started: Mon Dec 06 17:43:12 2021
Info: Command: quartus_map --read_settings_files=on --write_settings_files=off processor -c processor
Info (20030): Parallel compilation is enabled and will use 4 of the 4 processors detected
Info (12021): Found 2 design units, including 1 entities, in source file /users/ac/desktop/code/vhdl/mips processor/sei/sei.vhd
    Info (12022): Found design unit 1: sei-arch File: C:/Users/Ac/Desktop/Code/VHDL/Mips Processor/sei/sei.vhd Line: 11
    Info (12023): Found entity 1: sei File: C:/Users/Ac/Desktop/Code/VHDL/Mips Processor/sei/sei.vhd Line: 4
Info (12021): Found 2 design units, including 1 entities, in source file /users/ac/desktop/code/vhdl/mips processor/registerfile/registerfile.vhd
    Info (12022): Found design unit 1: RegisterFile-arch File: C:/Users/Ac/Desktop/Code/VHDL/Mips Processor/RegisterFile/RegisterFile.vhd Line: 16
    Info (12023): Found entity 1: RegisterFile File: C:/Users/Ac/Desktop/Code/VHDL/Mips Processor/RegisterFile/RegisterFile.vhd Line: 6
Info (12021): Found 2 design units, including 1 entities, in source file /users/ac/desktop/code/vhdl/mips processor/instructionmemory/instructionmemory.vhd
    Info (12022): Found design unit 1: instructionmemory-SYN File: C:/Users/Ac/Desktop/Code/VHDL/Mips Processor/InstructionMemory/InstructionMemory.vhd Line: 53
    Info (12023): Found entity 1: InstructionMemory File: C:/Users/Ac/Desktop/Code/VHDL/Mips Processor/InstructionMemory/InstructionMemory.vhd Line: 43
Info (12021): Found 2 design units, including 1 entities, in source file /users/ac/desktop/code/vhdl/mips processor/datamemory/ram.vhd
    Info (12022): Found design unit 1: ram-SYN File: C:/Users/Ac/Desktop/Code/VHDL/Mips Processor/DataMemory/RAM.vhd Line: 55
    Info (12023): Found entity 1: RAM File: C:/Users/Ac/Desktop/Code/VHDL/Mips Processor/DataMemory/RAM.vhd Line: 43
Info (12021): Found 2 design units, including 1 entities, in source file /users/ac/desktop/code/vhdl/mips processor/control/control.vhd
    Info (12022): Found design unit 1: control-arch File: C:/Users/Ac/Desktop/Code/VHDL/Mips Processor/control/control.vhd Line: 16
    Info (12023): Found entity 1: control File: C:/Users/Ac/Desktop/Code/VHDL/Mips Processor/control/control.vhd Line: 4
Info (12021): Found 2 design units, including 1 entities, in source file /users/ac/desktop/code/vhdl/mips processor/alu/alu.vhd
    Info (12022): Found design unit 1: alu-arch File: C:/Users/Ac/Desktop/Code/VHDL/Mips Processor/alu/alu.vhd Line: 16
    Info (12023): Found entity 1: alu File: C:/Users/Ac/Desktop/Code/VHDL/Mips Processor/alu/alu.vhd Line: 6
Info (12021): Found 2 design units, including 1 entities, in source file /users/ac/desktop/code/vhdl/mips processor/pc/pc.vhd
    Info (12022): Found design unit 1: pc-arch File: C:/Users/Ac/Desktop/Code/VHDL/Mips Processor/pc/pc.vhd Line: 11
    Info (12023): Found entity 1: pc File: C:/Users/Ac/Desktop/Code/VHDL/Mips Processor/pc/pc.vhd Line: 4
Info (12021): Found 2 design units, including 1 entities, in source file processor.vhd
    Info (12022): Found design unit 1: processor-arch File: C:/Users/Ac/Desktop/Code/VHDL/Mips Processor/processor/processor.vhd Line: 21
    Info (12023): Found entity 1: processor File: C:/Users/Ac/Desktop/Code/VHDL/Mips Processor/processor/processor.vhd Line: 7
Info (12127): Elaborating entity "processor" for the top level hierarchy
Warning (10541): VHDL Signal Declaration warning at processor.vhd(31): used implicit default value for signal "rt" because signal was never assigned a value or an explicit default value. Use of implicit default value may introduce unintended design optimizations. File: C:/Users/Ac/Desktop/Code/VHDL/Mips Processor/processor/processor.vhd Line: 31
Warning (10541): VHDL Signal Declaration warning at processor.vhd(32): used implicit default value for signal "rs" because signal was never assigned a value or an explicit default value. Use of implicit default value may introduce unintended design optimizations. File: C:/Users/Ac/Desktop/Code/VHDL/Mips Processor/processor/processor.vhd Line: 32
Warning (10541): VHDL Signal Declaration warning at processor.vhd(33): used implicit default value for signal "shamt" because signal was never assigned a value or an explicit default value. Use of implicit default value may introduce unintended design optimizations. File: C:/Users/Ac/Desktop/Code/VHDL/Mips Processor/processor/processor.vhd Line: 33
Warning (10541): VHDL Signal Declaration warning at processor.vhd(36): used implicit default value for signal "memWrite" because signal was never assigned a value or an explicit default value. Use of implicit default value may introduce unintended design optimizations. File: C:/Users/Ac/Desktop/Code/VHDL/Mips Processor/processor/processor.vhd Line: 36
Warning (10541): VHDL Signal Declaration warning at processor.vhd(38): used implicit default value for signal "ALUop" because signal was never assigned a value or an explicit default value. Use of implicit default value may introduce unintended design optimizations. File: C:/Users/Ac/Desktop/Code/VHDL/Mips Processor/processor/processor.vhd Line: 38
Warning (10541): VHDL Signal Declaration warning at processor.vhd(41): used implicit default value for signal "readData1" because signal was never assigned a value or an explicit default value. Use of implicit default value may introduce unintended design optimizations. File: C:/Users/Ac/Desktop/Code/VHDL/Mips Processor/processor/processor.vhd Line: 41
Warning (10541): VHDL Signal Declaration warning at processor.vhd(41): used implicit default value for signal "readData2" because signal was never assigned a value or an explicit default value. Use of implicit default value may introduce unintended design optimizations. File: C:/Users/Ac/Desktop/Code/VHDL/Mips Processor/processor/processor.vhd Line: 41
Warning (10036): Verilog HDL or VHDL warning at processor.vhd(41): object "dataFromMemory" assigned a value but never read File: C:/Users/Ac/Desktop/Code/VHDL/Mips Processor/processor/processor.vhd Line: 41
Warning (10541): VHDL Signal Declaration warning at processor.vhd(41): used implicit default value for signal "writeData" because signal was never assigned a value or an explicit default value. Use of implicit default value may introduce unintended design optimizations. File: C:/Users/Ac/Desktop/Code/VHDL/Mips Processor/processor/processor.vhd Line: 41
Warning (10541): VHDL Signal Declaration warning at processor.vhd(43): used implicit default value for signal "writeReg" because signal was never assigned a value or an explicit default value. Use of implicit default value may introduce unintended design optimizations. File: C:/Users/Ac/Desktop/Code/VHDL/Mips Processor/processor/processor.vhd Line: 43
Error (10344): VHDL expression error at processor.vhd(102): expression has 32 elements, but must have 6 elements File: C:/Users/Ac/Desktop/Code/VHDL/Mips Processor/processor/processor.vhd Line: 102
Error (10346): VHDL error at processor.vhd(101): formal port or parameter "address" must have actual or default value File: C:/Users/Ac/Desktop/Code/VHDL/Mips Processor/processor/processor.vhd Line: 101
Error (12153): Can't elaborate top-level user hierarchy
Error: Quartus Prime Analysis & Synthesis was unsuccessful. 3 errors, 10 warnings
    Error: Peak virtual memory: 5006 megabytes
    Error: Processing ended: Mon Dec 06 17:43:23 2021
    Error: Elapsed time: 00:00:11
    Error: Total CPU time (on all processors): 00:00:25


