Flow report for RegisterFile
Tue Nov 30 17:49:18 2021
Quartus Prime Version 15.1.0 Build 185 10/21/2015 SJ Lite Edition


---------------------
; Table of Contents ;
---------------------
  1. Legal Notice
  2. Flow Summary
  3. Flow Settings
  4. Flow Non-Default Global Settings
  5. Flow Elapsed Time
  6. Flow OS Summary
  7. Flow Log
  8. Flow Messages
  9. Flow Suppressed Messages



----------------
; Legal Notice ;
----------------
Copyright (C) 1991-2015 Altera Corporation. All rights reserved.
Your use of Altera Corporation's design tools, logic functions 
and other software and tools, and its AMPP partner logic 
functions, and any output files from any of the foregoing 
(including device programming or simulation files), and any 
associated documentation or information are expressly subject 
to the terms and conditions of the Altera Program License 
Subscription Agreement, the Altera Quartus Prime License Agreement,
the Altera MegaCore Function License Agreement, or other 
applicable license agreement, including, without limitation, 
that your use is for the sole purpose of programming logic 
devices manufactured by Altera and sold by Altera or its 
authorized distributors.  Please refer to the applicable 
agreement for further details.



+-------------------------------------------------------------------------------+
; Flow Summary                                                                  ;
+---------------------------------+---------------------------------------------+
; Flow Status                     ; Successful - Tue Nov 30 17:49:18 2021       ;
; Quartus Prime Version           ; 15.1.0 Build 185 10/21/2015 SJ Lite Edition ;
; Revision Name                   ; RegisterFile                                ;
; Top-level Entity Name           ; RegisterFile                                ;
; Family                          ; Cyclone V                                   ;
; Device                          ; 5CEBA4F23C7                                 ;
; Timing Models                   ; Final                                       ;
; Logic utilization (in ALMs)     ; 765 / 18,480 ( 4 % )                        ;
; Total registers                 ; 1024                                        ;
; Total pins                      ; 114 / 224 ( 51 % )                          ;
; Total virtual pins              ; 0                                           ;
; Total block memory bits         ; 0 / 3,153,920 ( 0 % )                       ;
; Total DSP Blocks                ; 0 / 66 ( 0 % )                              ;
; Total HSSI RX PCSs              ; 0                                           ;
; Total HSSI PMA RX Deserializers ; 0                                           ;
; Total HSSI TX PCSs              ; 0                                           ;
; Total HSSI PMA TX Serializers   ; 0                                           ;
; Total PLLs                      ; 0 / 4 ( 0 % )                               ;
; Total DLLs                      ; 0 / 4 ( 0 % )                               ;
+---------------------------------+---------------------------------------------+


+-----------------------------------------+
; Flow Settings                           ;
+-------------------+---------------------+
; Option            ; Setting             ;
+-------------------+---------------------+
; Start date & time ; 11/30/2021 16:52:04 ;
; Main task         ; Compilation         ;
; Revision Name     ; RegisterFile        ;
+-------------------+---------------------+


+----------------------------------------------------------------------------------------------------------------------+
; Flow Non-Default Global Settings                                                                                     ;
+-------------------------------------+---------------------------------+---------------+-------------+----------------+
; Assignment Name                     ; Value                           ; Default Value ; Entity Name ; Section Id     ;
+-------------------------------------+---------------------------------+---------------+-------------+----------------+
; COMPILER_SIGNATURE_ID               ; 185188964553976.163830912315596 ; --            ; --          ; --             ;
; EDA_OUTPUT_DATA_FORMAT              ; Vhdl                            ; --            ; --          ; eda_simulation ;
; EDA_SIMULATION_TOOL                 ; ModelSim-Altera (VHDL)          ; <None>        ; --          ; --             ;
; MAX_CORE_JUNCTION_TEMP              ; 85                              ; --            ; --          ; --             ;
; MIN_CORE_JUNCTION_TEMP              ; 0                               ; --            ; --          ; --             ;
; PARTITION_COLOR                     ; 16764057                        ; --            ; --          ; Top            ;
; PARTITION_FITTER_PRESERVATION_LEVEL ; PLACEMENT_AND_ROUTING           ; --            ; --          ; Top            ;
; PARTITION_NETLIST_TYPE              ; SOURCE                          ; --            ; --          ; Top            ;
; PROJECT_OUTPUT_DIRECTORY            ; output_files                    ; --            ; --          ; --             ;
+-------------------------------------+---------------------------------+---------------+-------------+----------------+


+-------------------------------------------------------------------------------------------------------------------------------+
; Flow Elapsed Time                                                                                                             ;
+---------------------------+--------------+-------------------------+---------------------+------------------------------------+
; Module Name               ; Elapsed Time ; Average Processors Used ; Peak Virtual Memory ; Total CPU Time (on all processors) ;
+---------------------------+--------------+-------------------------+---------------------+------------------------------------+
; Analysis & Synthesis      ; 00:00:17     ; 1.0                     ; 5038 MB             ; 00:00:32                           ;
; Fitter                    ; 00:00:46     ; 1.1                     ; 6463 MB             ; 00:01:48                           ;
; Assembler                 ; 00:00:06     ; 1.0                     ; 4995 MB             ; 00:00:07                           ;
; TimeQuest Timing Analyzer ; 00:00:09     ; 1.4                     ; 5275 MB             ; 00:00:14                           ;
; EDA Netlist Writer        ; 00:00:03     ; 1.0                     ; 4922 MB             ; 00:00:03                           ;
; EDA Netlist Writer        ; 00:00:01     ; 1.0                     ; 4887 MB             ; 00:00:01                           ;
; EDA Netlist Writer        ; 00:00:02     ; 1.0                     ; 4924 MB             ; 00:00:02                           ;
; EDA Netlist Writer        ; 00:00:02     ; 1.0                     ; 4887 MB             ; 00:00:02                           ;
; EDA Netlist Writer        ; 00:00:03     ; 1.0                     ; 4923 MB             ; 00:00:03                           ;
; Total                     ; 00:01:29     ; --                      ; --                  ; 00:02:52                           ;
+---------------------------+--------------+-------------------------+---------------------+------------------------------------+


+----------------------------------------------------------------------------------------+
; Flow OS Summary                                                                        ;
+---------------------------+------------------+-----------+------------+----------------+
; Module Name               ; Machine Hostname ; OS Name   ; OS Version ; Processor type ;
+---------------------------+------------------+-----------+------------+----------------+
; Analysis & Synthesis      ; entropy          ; Windows 8 ; 6.2        ; x86_64         ;
; Fitter                    ; entropy          ; Windows 8 ; 6.2        ; x86_64         ;
; Assembler                 ; entropy          ; Windows 8 ; 6.2        ; x86_64         ;
; TimeQuest Timing Analyzer ; entropy          ; Windows 8 ; 6.2        ; x86_64         ;
; EDA Netlist Writer        ; entropy          ; Windows 8 ; 6.2        ; x86_64         ;
; EDA Netlist Writer        ; entropy          ; Windows 8 ; 6.2        ; x86_64         ;
; EDA Netlist Writer        ; entropy          ; Windows 8 ; 6.2        ; x86_64         ;
; EDA Netlist Writer        ; entropy          ; Windows 8 ; 6.2        ; x86_64         ;
; EDA Netlist Writer        ; entropy          ; Windows 8 ; 6.2        ; x86_64         ;
+---------------------------+------------------+-----------+------------+----------------+


------------
; Flow Log ;
------------
quartus_map --read_settings_files=on --write_settings_files=off RegisterFile -c RegisterFile
quartus_fit --read_settings_files=off --write_settings_files=off RegisterFile -c RegisterFile
quartus_asm --read_settings_files=off --write_settings_files=off RegisterFile -c RegisterFile
quartus_sta RegisterFile -c RegisterFile
quartus_eda --read_settings_files=off --write_settings_files=off RegisterFile -c RegisterFile
quartus_eda --gen_testbench --tool=modelsim_oem --format=verilog --write_settings_files=off RegisterFile -c RegisterFile --vector_source="C:/Users/Ac/Desktop/Code/VHDL/Mips Processor/RegisterFile/Waveform.vwf" --testbench_file="C:/Users/Ac/Desktop/Code/VHDL/Mips Processor/RegisterFile/simulation/qsim/Waveform.vwf.vt"
quartus_eda --write_settings_files=off --functional=off --flatten_buses=off --timescale=1ps --simulation=on --tool=modelsim_oem --format=verilog --output_directory="C:/Users/Ac/Desktop/Code/VHDL/Mips Processor/RegisterFile/simulation/qsim/" RegisterFile -c RegisterFile
quartus_eda --gen_testbench --tool=modelsim_oem --format=verilog --write_settings_files=off RegisterFile -c RegisterFile --vector_source="C:/Users/Ac/Desktop/Code/VHDL/Mips Processor/RegisterFile/Waveform.vwf" --testbench_file="C:/Users/Ac/Desktop/Code/VHDL/Mips Processor/RegisterFile/simulation/qsim/Waveform.vwf.vt"
quartus_eda --write_settings_files=off --functional=off --flatten_buses=off --timescale=1ps --simulation=on --tool=modelsim_oem --format=verilog --output_directory="C:/Users/Ac/Desktop/Code/VHDL/Mips Processor/RegisterFile/simulation/qsim/" RegisterFile -c RegisterFile



